<?xml version="1.0" encoding="UTF-8"?>
<!-- Generated by org.testng.reporters.JUnitReportReporter -->
<testsuite hostname="DESKTOP-FR930K3" failures="0" tests="1" name="testcases.TC004_SearchProductTest" time="2.248" errors="0" timestamp="2024-12-10T10:34:52 ICT" skipped="0">
  <testcase classname="testcases.TC004_SearchProductTest" name="searchProductTest" time="2.248"/>
</testsuite> <!-- testcases.TC004_SearchProductTest -->
