<?xml version="1.0" encoding="UTF-8"?>
<!-- Generated by org.testng.reporters.JUnitReportReporter -->
<testsuite hostname="DESKTOP-FR930K3" failures="0" tests="1" name="testcases.TC006_EndToEndTest" time="33.227" errors="0" timestamp="2024-12-15T10:39:56 ICT" skipped="0">
  <testcase classname="testcases.TC006_EndToEndTest" name="executeEndtoEnd" time="33.227"/>
</testsuite> <!-- testcases.TC006_EndToEndTest -->
