<?xml version="1.0" encoding="UTF-8"?>
<!-- Generated by org.testng.reporters.JUnitReportReporter -->
<testsuite hostname="DESKTOP-FR930K3" failures="0" tests="1" name="testcases.TC005_AddToCartTest" time="3.011" errors="0" timestamp="2024-12-10T11:08:05 ICT" skipped="0">
  <testcase classname="testcases.TC005_AddToCartTest" name="testAddToCart" time="3.011"/>
</testsuite> <!-- testcases.TC005_AddToCartTest -->
