<?xml version="1.0" encoding="UTF-8"?>
<!-- Generated by org.testng.reporters.JUnitReportReporter -->
<testsuite hostname="DESKTOP-FR930K3" failures="0" tests="1" name="testcases.TC001_AccountRegistrationTest" time="2.653" errors="0" timestamp="2024-12-07T13:40:15 ICT" skipped="0">
  <testcase classname="testcases.TC001_AccountRegistrationTest" name="verify_account_registration" time="2.653"/>
</testsuite> <!-- testcases.TC001_AccountRegistrationTest -->
