<?xml version="1.0" encoding="UTF-8"?>
<!-- Generated by org.testng.reporters.JUnitReportReporter -->
<testsuite hostname="DESKTOP-FR930K3" failures="0" tests="1" name="testcases.TC004_SearchTest" time="0.666" errors="0" timestamp="2024-12-07T13:40:15 ICT" skipped="0">
  <testcase classname="testcases.TC004_SearchTest" name="searchTest" time="0.666"/>
</testsuite> <!-- testcases.TC004_SearchTest -->
