<?xml version="1.0" encoding="UTF-8"?>
<!-- Generated by org.testng.reporters.JUnitReportReporter -->
<testsuite hostname="DESKTOP-FR930K3" failures="0" tests="1" name="testbase.TC001_AccountRegistrationTest" time="5.397" errors="0" timestamp="2024-12-03T15:16:34 ICT" skipped="0">
  <testcase classname="testbase.TC001_AccountRegistrationTest" name="verify_account_registration" time="5.397"/>
</testsuite> <!-- testbase.TC001_AccountRegistrationTest -->
