<?xml version="1.0" encoding="UTF-8"?>
<!-- Generated by org.testng.reporters.JUnitReportReporter -->
<testsuite hostname="DESKTOP-FR930K3" failures="0" tests="1" name="testcases.TC002_LoginTest" time="1.226" errors="0" timestamp="2024-12-06T22:27:22 ICT" skipped="0">
  <testcase classname="testcases.TC002_LoginTest" name="validate_login" time="1.226"/>
</testsuite> <!-- testcases.TC002_LoginTest -->
