<?xml version="1.0" encoding="UTF-8"?>
<!-- Generated by org.testng.reporters.JUnitReportReporter -->
<testsuite hostname="DESKTOP-FR930K3" failures="0" tests="1" name="testcases.TC007_CompareProductTest" time="2.410" errors="0" timestamp="2024-12-30T16:11:33 ICT" skipped="0">
  <testcase classname="testcases.TC007_CompareProductTest" name="testCompareProduct" time="2.410"/>
</testsuite> <!-- testcases.TC007_CompareProductTest -->
