<?xml version="1.0" encoding="UTF-8"?>
<!-- Generated by org.testng.reporters.JUnitReportReporter -->
<testsuite hostname="DESKTOP-FR930K3" failures="0" tests="1" name="testcases.TC004_SearchProductTest" time="2.755" errors="0" timestamp="2024-12-07T15:23:31 GMT+07:00" skipped="0">
  <testcase classname="testcases.TC004_SearchProductTest" name="searchProductTest" time="2.755"/>
</testsuite> <!-- testcases.TC004_SearchProductTest -->
